{"numTotalTestSuites":2,"numPassedTestSuites":2,"numFailedTestSuites":0,"numPendingTestSuites":0,"numTotalTests":14,"numPassedTests":14,"numFailedTests":0,"numPendingTests":0,"numTodoTests":0,"startTime":1769129980960,"success":true,"testResults":[{"assertionResults":[{"ancestorTitles":["","API routes"],"fullName":" API routes returns heartbeat for /api/test","status":"passed","title":"returns heartbeat for /api/test","duration":128,"failureMessages":[]},{"ancestorTitles":["","API routes"],"fullName":" API routes validates classify-intent payload","status":"passed","title":"validates classify-intent payload","duration":14,"failureMessages":[]},{"ancestorTitles":["","API routes"],"fullName":" API routes fails classify-intent when DeepSeek API key is missing","status":"passed","title":"fails classify-intent when DeepSeek API key is missing","duration":8,"failureMessages":[]},{"ancestorTitles":["","API routes"],"fullName":" API routes /competitive-analysis requires companyName and industry","status":"passed","title":"/competitive-analysis requires companyName and industry","duration":6,"failureMessages":[]},{"ancestorTitles":["","API routes"],"fullName":" API routes /parse-earnings-query requires query","status":"passed","title":"/parse-earnings-query requires query","duration":7,"failureMessages":[]},{"ancestorTitles":["","API routes"],"fullName":" API routes /valuation-analysis requires ticker","status":"passed","title":"/valuation-analysis requires ticker","duration":7,"failureMessages":[]},{"ancestorTitles":["","API routes"],"fullName":" API routes /analyze-redflags validates payload and handles missing API key","status":"passed","title":"/analyze-redflags validates payload and handles missing API key","duration":9,"failureMessages":[]},{"ancestorTitles":["","API routes"],"fullName":" API routes FDA proxy routes return mocked data","status":"passed","title":"FDA proxy routes return mocked data","duration":28,"failureMessages":[]},{"ancestorTitles":["","API routes"],"fullName":" API routes /summarize-earnings requires ticker and handles short content","status":"passed","title":"/summarize-earnings requires ticker and handles short content","duration":9,"failureMessages":[]},{"ancestorTitles":["","API routes"],"fullName":" API routes /recommend-stocks validates input and missing API key","status":"passed","title":"/recommend-stocks validates input and missing API key","duration":9,"failureMessages":[]},{"ancestorTitles":["","API routes"],"fullName":" API routes /general-qa validates input and missing API key","status":"passed","title":"/general-qa validates input and missing API key","duration":8,"failureMessages":[]},{"ancestorTitles":["","API routes"],"fullName":" API routes /earnings-fallback validates input and missing API key","status":"passed","title":"/earnings-fallback validates input and missing API key","duration":10,"failureMessages":[]},{"ancestorTitles":["","API routes"],"fullName":" API routes /translate validates input and missing API key","status":"passed","title":"/translate validates input and missing API key","duration":9,"failureMessages":[]},{"ancestorTitles":["","API routes"],"fullName":" API routes /earnings/query validates required params","status":"passed","title":"/earnings/query validates required params","duration":12,"failureMessages":[]}],"startTime":1769129981632,"endTime":1769129981897,"status":"passed","message":"","name":"/home/ronaldo/Coop/EquityResearch/tests/unit/routes.test.ts"}]}